<?xml version="1.0" encoding="UTF-8"?>
<testng-results ignored="0" total="3" passed="3" failed="0" skipped="0">
  <reporter-output>
  </reporter-output>
  <suite started-at="2021-08-01T01:31:23 IST" name="Default suite" finished-at="2021-08-01T01:32:04 IST" duration-ms="40563">
    <groups>
    </groups>
    <test started-at="2021-08-01T01:31:23 IST" name="Default test" finished-at="2021-08-01T01:32:04 IST" duration-ms="40563">
      <class name="webTest.NewTest">
        <test-method is-config="true" signature="PreCon()[pri:0, instance:webTest.NewTest@358ee631]" started-at="2021-08-01T01:31:23 IST" name="PreCon" finished-at="2021-08-01T01:31:27 IST" duration-ms="3934" status="PASS">
          <reporter-output>
          </reporter-output>
        </test-method> <!-- PreCon -->
        <test-method signature="test1(java.lang.String, java.lang.String, java.lang.String, java.lang.String, java.lang.String, java.lang.String, java.lang.String, java.lang.String)[pri:0, instance:webTest.NewTest@358ee631]" started-at="2021-08-01T01:31:27 IST" name="test1" data-provider="user-data" finished-at="2021-08-01T01:31:33 IST" duration-ms="5627" status="PASS">
          <params>
            <param index="0">
              <value>
                <![CDATA[16]]>
              </value>
            </param>
            <param index="1">
              <value>
                <![CDATA[06]]>
              </value>
            </param>
            <param index="2">
              <value>
                <![CDATA[1995]]>
              </value>
            </param>
            <param index="3">
              <value>
                <![CDATA[//*[@id="onlinetermWrapper"]/div[5]/div/div[2]/div[1]/div[2]/div/label/div]]>
              </value>
            </param>
            <param index="4">
              <value>
                <![CDATA[//*[@id="onlinetermWrapper"]/div[5]/div/div[2]/div[2]/div[1]/ul/li[1]/label/input]]>
              </value>
            </param>
            <param index="5">
              <value>
                <![CDATA[14,160]]>
              </value>
            </param>
            <param index="6">
              <value>
                <![CDATA[50000000]]>
              </value>
            </param>
            <param index="7">
              <value>
                <![CDATA[30]]>
              </value>
            </param>
          </params>
          <reporter-output>
          </reporter-output>
        </test-method> <!-- test1 -->
        <test-method is-config="true" signature="closure()[pri:0, instance:webTest.NewTest@358ee631]" started-at="2021-08-01T01:31:33 IST" name="closure" finished-at="2021-08-01T01:31:37 IST" duration-ms="4140" status="PASS">
          <reporter-output>
          </reporter-output>
        </test-method> <!-- closure -->
        <test-method is-config="true" signature="PreCon()[pri:0, instance:webTest.NewTest@358ee631]" started-at="2021-08-01T01:31:37 IST" name="PreCon" finished-at="2021-08-01T01:31:41 IST" duration-ms="3585" status="PASS">
          <reporter-output>
          </reporter-output>
        </test-method> <!-- PreCon -->
        <test-method signature="test1(java.lang.String, java.lang.String, java.lang.String, java.lang.String, java.lang.String, java.lang.String, java.lang.String, java.lang.String)[pri:0, instance:webTest.NewTest@358ee631]" started-at="2021-08-01T01:31:41 IST" name="test1" data-provider="user-data" finished-at="2021-08-01T01:31:46 IST" duration-ms="5624" status="PASS">
          <params>
            <param index="0">
              <value>
                <![CDATA[15]]>
              </value>
            </param>
            <param index="1">
              <value>
                <![CDATA[08]]>
              </value>
            </param>
            <param index="2">
              <value>
                <![CDATA[1997]]>
              </value>
            </param>
            <param index="3">
              <value>
                <![CDATA[]]>
              </value>
            </param>
            <param index="4">
              <value>
                <![CDATA[//*[@id="onlinetermWrapper"]/div[5]/div/div[2]/div[2]/div[1]/ul/li[2]/label/input]]>
              </value>
            </param>
            <param index="5">
              <value>
                <![CDATA[5,900]]>
              </value>
            </param>
            <param index="6">
              <value>
                <![CDATA[15000000]]>
              </value>
            </param>
            <param index="7">
              <value>
                <![CDATA[25]]>
              </value>
            </param>
          </params>
          <reporter-output>
          </reporter-output>
        </test-method> <!-- test1 -->
        <test-method is-config="true" signature="closure()[pri:0, instance:webTest.NewTest@358ee631]" started-at="2021-08-01T01:31:46 IST" name="closure" finished-at="2021-08-01T01:31:50 IST" duration-ms="4147" status="PASS">
          <reporter-output>
          </reporter-output>
        </test-method> <!-- closure -->
        <test-method is-config="true" signature="PreCon()[pri:0, instance:webTest.NewTest@358ee631]" started-at="2021-08-01T01:31:50 IST" name="PreCon" finished-at="2021-08-01T01:31:54 IST" duration-ms="3696" status="PASS">
          <reporter-output>
          </reporter-output>
        </test-method> <!-- PreCon -->
        <test-method signature="test1(java.lang.String, java.lang.String, java.lang.String, java.lang.String, java.lang.String, java.lang.String, java.lang.String, java.lang.String)[pri:0, instance:webTest.NewTest@358ee631]" started-at="2021-08-01T01:31:54 IST" name="test1" data-provider="user-data" finished-at="2021-08-01T01:32:00 IST" duration-ms="5618" status="PASS">
          <params>
            <param index="0">
              <value>
                <![CDATA[20]]>
              </value>
            </param>
            <param index="1">
              <value>
                <![CDATA[10]]>
              </value>
            </param>
            <param index="2">
              <value>
                <![CDATA[2000]]>
              </value>
            </param>
            <param index="3">
              <value>
                <![CDATA[]]>
              </value>
            </param>
            <param index="4">
              <value>
                <![CDATA[//*[@id="onlinetermWrapper"]/div[5]/div/div[2]/div[2]/div[1]/ul/li[3]/label/input]]>
              </value>
            </param>
            <param index="5">
              <value>
                <![CDATA[5,900]]>
              </value>
            </param>
            <param index="6">
              <value>
                <![CDATA[75000000]]>
              </value>
            </param>
            <param index="7">
              <value>
                <![CDATA[28]]>
              </value>
            </param>
          </params>
          <reporter-output>
          </reporter-output>
        </test-method> <!-- test1 -->
        <test-method is-config="true" signature="closure()[pri:0, instance:webTest.NewTest@358ee631]" started-at="2021-08-01T01:32:00 IST" name="closure" finished-at="2021-08-01T01:32:04 IST" duration-ms="4153" status="PASS">
          <reporter-output>
          </reporter-output>
        </test-method> <!-- closure -->
      </class> <!-- webTest.NewTest -->
    </test> <!-- Default test -->
  </suite> <!-- Default suite -->
</testng-results>
